
Tue 15 Aug 2023 02:49:26 AM UTC: 
 exercises.c | 107 ++++++++++++++++++++++++++++++++++++++++++++++++++++++------
 1 file changed, 97 insertions(+), 10 deletions(-)
In file included from test.c:1:
exercises.c: In function ‘inicializarLibro’:
exercises.c:146:8: error: ‘Libro’ has no member named ‘anio’
  146 |   libro-> anio.Publicacion = anioPublicacion;
      |        ^~
Compilation failed
96c9012
Tue 15 Aug 2023 02:50:04 AM UTC: 
 exercises.c | 2 +-
 1 file changed, 1 insertion(+), 1 deletion(-)
In file included from /nix/store/iwd8ic5hhwdxn5dga0im55g5hjl270cd-glibc-2.33-47-dev/include/string.h:519,
                 from exercises.c:5,
                 from test.c:1:
In function ‘strncpy’,
    inlined from ‘inicializarLibro’ at exercises.c:141:3:
/nix/store/iwd8ic5hhwdxn5dga0im55g5hjl270cd-glibc-2.33-47-dev/include/bits/string_fortified.h:95:10: error: ‘__builtin_strncpy’ specified bound 100 equals destination size [-Werror=stringop-truncation]
   95 |   return __builtin___strncpy_chk (__dest, __src, __len,
      |          ^~~~~~~~~~~~~~~~~~~~~~~~~~~~~~~~~~~~~~~~~~~~~~
   96 |       __glibc_objsize (__dest));
      |       ~~~~~~~~~~~~~~~~~~~~~~~~~
In function ‘strncpy’,
    inlined from ‘inicializarLibro’ at exercises.c:143:3:
/nix/store/iwd8ic5hhwdxn5dga0im55g5hjl270cd-glibc-2.33-47-dev/include/bits/string_fortified.h:95:10: error: ‘__builtin_strncpy’ specified bound 50 equals destination size [-Werror=stringop-truncation]
   95 |   return __builtin___strncpy_chk (__dest, __src, __len,
      |          ^~~~~~~~~~~~~~~~~~~~~~~~~~~~~~~~~~~~~~~~~~~~~~
   96 |       __glibc_objsize (__dest));
      |       ~~~~~~~~~~~~~~~~~~~~~~~~~
cc1: all warnings being treated as errors
Compilation failed
f1a0aff
Tue 15 Aug 2023 02:51:16 AM UTC: 
In file included from /nix/store/iwd8ic5hhwdxn5dga0im55g5hjl270cd-glibc-2.33-47-dev/include/string.h:519,
                 from exercises.c:5,
                 from test.c:1:
In function ‘strncpy’,
    inlined from ‘inicializarLibro’ at exercises.c:141:3:
/nix/store/iwd8ic5hhwdxn5dga0im55g5hjl270cd-glibc-2.33-47-dev/include/bits/string_fortified.h:95:10: error: ‘__builtin_strncpy’ specified bound 100 equals destination size [-Werror=stringop-truncation]
   95 |   return __builtin___strncpy_chk (__dest, __src, __len,
      |          ^~~~~~~~~~~~~~~~~~~~~~~~~~~~~~~~~~~~~~~~~~~~~~
   96 |       __glibc_objsize (__dest));
      |       ~~~~~~~~~~~~~~~~~~~~~~~~~
In function ‘strncpy’,
    inlined from ‘inicializarLibro’ at exercises.c:143:3:
/nix/store/iwd8ic5hhwdxn5dga0im55g5hjl270cd-glibc-2.33-47-dev/include/bits/string_fortified.h:95:10: error: ‘__builtin_strncpy’ specified bound 50 equals destination size [-Werror=stringop-truncation]
   95 |   return __builtin___strncpy_chk (__dest, __src, __len,
      |          ^~~~~~~~~~~~~~~~~~~~~~~~~~~~~~~~~~~~~~~~~~~~~~
   96 |       __glibc_objsize (__dest));
      |       ~~~~~~~~~~~~~~~~~~~~~~~~~
cc1: all warnings being treated as errors
Compilation failed
795032b
Tue 15 Aug 2023 02:52:22 AM UTC: 
In file included from /nix/store/iwd8ic5hhwdxn5dga0im55g5hjl270cd-glibc-2.33-47-dev/include/string.h:519,
                 from exercises.c:5,
                 from test.c:1:
In function ‘strncpy’,
    inlined from ‘inicializarLibro’ at exercises.c:141:3:
/nix/store/iwd8ic5hhwdxn5dga0im55g5hjl270cd-glibc-2.33-47-dev/include/bits/string_fortified.h:95:10: error: ‘__builtin_strncpy’ specified bound 100 equals destination size [-Werror=stringop-truncation]
   95 |   return __builtin___strncpy_chk (__dest, __src, __len,
      |          ^~~~~~~~~~~~~~~~~~~~~~~~~~~~~~~~~~~~~~~~~~~~~~
   96 |       __glibc_objsize (__dest));
      |       ~~~~~~~~~~~~~~~~~~~~~~~~~
In function ‘strncpy’,
    inlined from ‘inicializarLibro’ at exercises.c:143:3:
/nix/store/iwd8ic5hhwdxn5dga0im55g5hjl270cd-glibc-2.33-47-dev/include/bits/string_fortified.h:95:10: error: ‘__builtin_strncpy’ specified bound 50 equals destination size [-Werror=stringop-truncation]
   95 |   return __builtin___strncpy_chk (__dest, __src, __len,
      |          ^~~~~~~~~~~~~~~~~~~~~~~~~~~~~~~~~~~~~~~~~~~~~~
   96 |       __glibc_objsize (__dest));
      |       ~~~~~~~~~~~~~~~~~~~~~~~~~
cc1: all warnings being treated as errors
Compilation failed
5f68fe2
Tue 15 Aug 2023 02:54:20 AM UTC: 
 exercises.c | 4 ++--
 1 file changed, 2 insertions(+), 2 deletions(-)
In file included from test.c:1:
exercises.c: In function ‘inicializarLibro’:
exercises.c:141:3: error: too many arguments to function ‘strcpy’
  141 |   strcpy( libro-> titulo, titulo, sizeof(libro-> titulo));
      |   ^~~~~~
In file included from /nix/store/iwd8ic5hhwdxn5dga0im55g5hjl270cd-glibc-2.33-47-dev/include/features.h:473,
                 from /nix/store/iwd8ic5hhwdxn5dga0im55g5hjl270cd-glibc-2.33-47-dev/include/ctype.h:25,
                 from exercises.c:1,
                 from test.c:1:
/nix/store/iwd8ic5hhwdxn5dga0im55g5hjl270cd-glibc-2.33-47-dev/include/bits/string_fortified.h:77:1: note: declared here
   77 | __NTH (strcpy (char *__restrict __dest, const char *__restrict __src))
      | ^~~~~
In file included from test.c:1:
exercises.c:143:3: error: too many arguments to function ‘strcpy’
  143 |   strcpy( libro-> autor.nombre, nombreAutor, sizeof(libro->autor.nombre));
      |   ^~~~~~
In file included from /nix/store/iwd8ic5hhwdxn5dga0im55g5hjl270cd-glibc-2.33-47-dev/include/features.h:473,
                 from /nix/store/iwd8ic5hhwdxn5dga0im55g5hjl270cd-glibc-2.33-47-dev/include/ctype.h:25,
                 from exercises.c:1,
                 from test.c:1:
/nix/store/iwd8ic5hhwdxn5dga0im55g5hjl270cd-glibc-2.33-47-dev/include/bits/string_fortified.h:77:1: note: declared here
   77 | __NTH (strcpy (char *__restrict __dest, const char *__restrict __src))
      | ^~~~~
Compilation failed
51000cd
Tue 15 Aug 2023 11:47:36 PM UTC: 
 exercises.c | 4 ++--
 1 file changed, 2 insertions(+), 2 deletions(-)
In file included from test.c:1:
exercises.c: In function ‘inicializarLibro’:
exercises.c:141:3: error: too many arguments to function ‘strcpy’
  141 |   strcpy( libro-> titulo, titulo, sizeof(libro-> titulo));
      |   ^~~~~~
In file included from /nix/store/iwd8ic5hhwdxn5dga0im55g5hjl270cd-glibc-2.33-47-dev/include/features.h:473,
                 from /nix/store/iwd8ic5hhwdxn5dga0im55g5hjl270cd-glibc-2.33-47-dev/include/ctype.h:25,
                 from exercises.c:1,
                 from test.c:1:
/nix/store/iwd8ic5hhwdxn5dga0im55g5hjl270cd-glibc-2.33-47-dev/include/bits/string_fortified.h:77:1: note: declared here
   77 | __NTH (strcpy (char *__restrict __dest, const char *__restrict __src))
      | ^~~~~
In file included from test.c:1:
exercises.c:143:3: error: too many arguments to function ‘strcpy’
  143 |   strcpy( libro-> autor.nombre, nombreAutor, sizeof(libro->autor.nombre));
      |   ^~~~~~
In file included from /nix/store/iwd8ic5hhwdxn5dga0im55g5hjl270cd-glibc-2.33-47-dev/include/features.h:473,
                 from /nix/store/iwd8ic5hhwdxn5dga0im55g5hjl270cd-glibc-2.33-47-dev/include/ctype.h:25,
                 from exercises.c:1,
                 from test.c:1:
/nix/store/iwd8ic5hhwdxn5dga0im55g5hjl270cd-glibc-2.33-47-dev/include/bits/string_fortified.h:77:1: note: declared here
   77 | __NTH (strcpy (char *__restrict __dest, const char *__restrict __src))
      | ^~~~~
Compilation failed
586839c
Tue 15 Aug 2023 11:51:02 PM UTC: 
 exercises.c | 5 -----
 1 file changed, 5 deletions(-)
 tests:  0|5
total_score: 20/70
a489a40
Tue 15 Aug 2023 11:55:48 PM UTC: 
 exercises.c | 3 +--
 1 file changed, 1 insertion(+), 2 deletions(-)
 tests:  0|5
total_score: 20/70
21256be
Tue 15 Aug 2023 11:57:55 PM UTC: 
 exercises.c | 6 +++---
 1 file changed, 3 insertions(+), 3 deletions(-)
 tests:  0|4
total_score: 30/70
f881d2e
Wed 16 Aug 2023 12:05:44 AM UTC: 
 exercises.c | 2 +-
 1 file changed, 1 insertion(+), 1 deletion(-)
 tests:  0|4
total_score: 30/70
6e9a7bf
Wed 16 Aug 2023 12:06:37 AM UTC: 
 exercises.c | 2 +-
 1 file changed, 1 insertion(+), 1 deletion(-)
 tests:  0|4
total_score: 30/70
c19b4fa
Wed 16 Aug 2023 12:10:52 AM UTC: 
 exercises.c | 15 +++++++++++++--
 1 file changed, 13 insertions(+), 2 deletions(-)
In file included from test.c:1:
exercises.c: In function ‘checkSorted’:
exercises.c:103:3: error: unknown type name ‘itn’; did you mean ‘int’?
  103 |   itn ascendente = 0;
      |   ^~~
      |   int
Compilation failed
21ec9e5
Wed 16 Aug 2023 12:11:02 AM UTC: 
 exercises.c | 2 +-
 1 file changed, 1 insertion(+), 1 deletion(-)
 tests:  0|4
total_score: 30/70
c569037
Wed 16 Aug 2023 12:11:29 AM UTC: 
 exercises.c | 4 ++--
 1 file changed, 2 insertions(+), 2 deletions(-)
 tests:  0|4
total_score: 30/70
81938d7
Wed 16 Aug 2023 12:11:59 AM UTC: 
 exercises.c | 2 +-
 1 file changed, 1 insertion(+), 1 deletion(-)
 tests:  0|4
total_score: 30/70
c129df7
Wed 16 Aug 2023 12:12:42 AM UTC: 
 exercises.c | 3 ++-
 1 file changed, 2 insertions(+), 1 deletion(-)
 tests:  0|4
total_score: 30/70
fb51960
Wed 16 Aug 2023 12:13:26 AM UTC: 
 exercises.c | 2 +-
 1 file changed, 1 insertion(+), 1 deletion(-)
 tests:  0|4
total_score: 30/70
66df30f
Wed 16 Aug 2023 12:14:01 AM UTC: 
 exercises.c | 4 ++--
 1 file changed, 2 insertions(+), 2 deletions(-)
 tests:  0|4
total_score: 30/70
590faf7
Wed 16 Aug 2023 12:15:09 AM UTC: 
 exercises.c | 3 ++-
 1 file changed, 2 insertions(+), 1 deletion(-)
 tests:  0|4
total_score: 30/70
04021be
Wed 16 Aug 2023 12:29:10 AM UTC: 
 exercises.c | 8 ++++----
 1 file changed, 4 insertions(+), 4 deletions(-)
 tests:  0|4
total_score: 30/70
d8c1cd0
Wed 16 Aug 2023 12:31:09 AM UTC: 
 exercises.c | 2 +-
 1 file changed, 1 insertion(+), 1 deletion(-)
 tests:  0|3
total_score: 40/70
26ce923
Wed 16 Aug 2023 02:42:18 AM UTC: 
 exercises.c | 17 ++++++-----------
 1 file changed, 6 insertions(+), 11 deletions(-)
In file included from test.c:1:
exercises.c: In function ‘mergeSortedArrays’:
exercises.c:79:19: error: expected identifier or ‘(’ before ‘int’
   79 |   for (int i = 0, int j = 0, int k = 0 ; i < size1 && j < size2, k++)
      |                   ^~~
exercises.c:79:55: error: ‘j’ undeclared (first use in this function)
   79 |   for (int i = 0, int j = 0, int k = 0 ; i < size1 && j < size2, k++)
      |                                                       ^
exercises.c:79:55: note: each undeclared identifier is reported only once for each function it appears in
exercises.c:79:66: error: ‘k’ undeclared (first use in this function)
   79 |   for (int i = 0, int j = 0, int k = 0 ; i < size1 && j < size2, k++)
      |                                                                  ^
exercises.c:79:64: error: left-hand operand of comma expression has no effect [-Werror=unused-value]
   79 |   for (int i = 0, int j = 0, int k = 0 ; i < size1 && j < size2, k++)
      |                                                                ^
exercises.c:79:69: error: expected ‘;’ before ‘)’ token
   79 |   for (int i = 0, int j = 0, int k = 0 ; i < size1 && j < size2, k++)
      |                                                                     ^
      |                                                                     ;
cc1: all warnings being treated as errors
Compilation failed
5125788
Wed 16 Aug 2023 02:42:54 AM UTC: 
 exercises.c | 3 ++-
 1 file changed, 2 insertions(+), 1 deletion(-)
In file included from test.c:1:
exercises.c: In function ‘mergeSortedArrays’:
exercises.c:80:52: error: left-hand operand of comma expression has no effect [-Werror=unused-value]
   80 |   for (i = 0, j = 0, k = 0 ; i < size1 && j < size2, k++)
      |                                                    ^
exercises.c:80:57: error: expected ‘;’ before ‘)’ token
   80 |   for (i = 0, j = 0, k = 0 ; i < size1 && j < size2, k++)
      |                                                         ^
      |                                                         ;
cc1: all warnings being treated as errors
Compilation failed
1c0fce5
Wed 16 Aug 2023 02:43:03 AM UTC: 
 exercises.c | 2 +-
 1 file changed, 1 insertion(+), 1 deletion(-)
Wed 16 Aug 2023 02:45:11 AM UTC: 
 exercises.c | 7 ++++++-
 1 file changed, 6 insertions(+), 1 deletion(-)
 tests:  0|3
total_score: 40/70
7cf390d
Wed 16 Aug 2023 03:23:19 AM UTC: 
 exercises.c | 4 ++--
 1 file changed, 2 insertions(+), 2 deletions(-)
 tests:  0|2
total_score: 50/70
99109ae
Wed 16 Aug 2023 04:12:20 AM UTC: 
 exercises.c | 13 ++++++++-----
 1 file changed, 8 insertions(+), 5 deletions(-)
In file included from test.c:1:
exercises.c: In function ‘inicializarLibro’:
exercises.c:156:23: error: passing argument 1 of ‘strcpy’ makes pointer from integer without a cast [-Werror=int-conversion]
  156 |   strcpy(libro-> autor.anioNacimiento, nombreAutor);
      |          ~~~~~~~~~~~~~^~~~~~~~~~~~~~~
      |                       |
      |                       int
In file included from /nix/store/iwd8ic5hhwdxn5dga0im55g5hjl270cd-glibc-2.33-47-dev/include/features.h:473,
                 from /nix/store/iwd8ic5hhwdxn5dga0im55g5hjl270cd-glibc-2.33-47-dev/include/ctype.h:25,
                 from exercises.c:1,
                 from test.c:1:
/nix/store/iwd8ic5hhwdxn5dga0im55g5hjl270cd-glibc-2.33-47-dev/include/bits/string_fortified.h:77:1: note: expected ‘char * restrict’ but argument is of type ‘int’
   77 | __NTH (strcpy (char *__restrict __dest, const char *__restrict __src))
      | ^~~~~
cc1: all warnings being treated as errors
Compilation failed
6932938
Wed 16 Aug 2023 04:13:26 AM UTC: 
 exercises.c | 2 +-
 1 file changed, 1 insertion(+), 1 deletion(-)
 tests:  0|1
total_score: 60/70
f02f78c
Wed 16 Aug 2023 04:28:17 AM UTC: 
 exercises.c | 4 ++--
 1 file changed, 2 insertions(+), 2 deletions(-)
In file included from test.c:1:
exercises.c: In function ‘inicializarLibro’:
exercises.c:156:18: error: ‘Libro’ has no member named ‘Autor’; did you mean ‘autor’?
  156 |   strcpy(libro-> Autor.nombre, nombreAutor);
      |                  ^~~~~
      |                  autor
exercises.c:158:11: error: ‘Libro’ has no member named ‘Autor’; did you mean ‘autor’?
  158 |   libro-> Autor.anioNacimiento = anioNacimiento;
      |           ^~~~~
      |           autor
Compilation failed
a74bd8b
